INFO [2025-10-30 16:36:56] $x
INFO [2025-10-30 16:36:56] list(IVW = ivw_genes, Egger = egger_genes, WeightedMedian = wm_genes)
INFO [2025-10-30 16:36:56] 
INFO [2025-10-30 16:36:56] $filename
INFO [2025-10-30 16:36:56] NULL
INFO [2025-10-30 16:36:56] 
INFO [2025-10-30 16:36:56] $col
INFO [2025-10-30 16:36:56] [1] "black"
INFO [2025-10-30 16:36:56] 
INFO [2025-10-30 16:36:56] $fill
INFO [2025-10-30 16:36:56] c("#4A90E2", "#E27D60", "#85C88A")
INFO [2025-10-30 16:36:56] 
INFO [2025-10-30 16:36:56] $alpha
INFO [2025-10-30 16:36:56] [1] 0.5
INFO [2025-10-30 16:36:56] 
INFO [2025-10-30 16:36:56] $cex
INFO [2025-10-30 16:36:56] [1] 1.5
INFO [2025-10-30 16:36:56] 
INFO [2025-10-30 16:36:56] $fontfamily
INFO [2025-10-30 16:36:56] [1] "sans"
INFO [2025-10-30 16:36:56] 
INFO [2025-10-30 16:36:56] $cat.cex
INFO [2025-10-30 16:36:56] [1] 1.5
INFO [2025-10-30 16:36:56] 
INFO [2025-10-30 16:36:56] $cat.default.pos
INFO [2025-10-30 16:36:56] [1] "outer"
INFO [2025-10-30 16:36:56] 
INFO [2025-10-30 16:36:56] $cat.dist
INFO [2025-10-30 16:36:56] c(0.05, 0.05, 0.05)
INFO [2025-10-30 16:36:56] 
INFO [2025-10-30 16:36:56] $main
INFO [2025-10-30 16:36:56] [1] "Significant Genes"
INFO [2025-10-30 16:36:56] 
INFO [2025-10-30 16:36:56] $main.cex
INFO [2025-10-30 16:36:56] [1] 2
INFO [2025-10-30 16:36:56] 
