INFO [2025-10-30 16:38:20] $x
INFO [2025-10-30 16:38:20] list(IVW = ivw_genes, Egger = egger_genes, WeightedMedian = wm_genes)
INFO [2025-10-30 16:38:20] 
INFO [2025-10-30 16:38:20] $filename
INFO [2025-10-30 16:38:20] NULL
INFO [2025-10-30 16:38:20] 
INFO [2025-10-30 16:38:20] $col
INFO [2025-10-30 16:38:20] [1] "black"
INFO [2025-10-30 16:38:20] 
INFO [2025-10-30 16:38:20] $fill
INFO [2025-10-30 16:38:20] c("#4A90E2", "#E27D60", "#85C88A")
INFO [2025-10-30 16:38:20] 
INFO [2025-10-30 16:38:20] $alpha
INFO [2025-10-30 16:38:20] [1] 0.5
INFO [2025-10-30 16:38:20] 
INFO [2025-10-30 16:38:20] $cex
INFO [2025-10-30 16:38:20] [1] 1.5
INFO [2025-10-30 16:38:20] 
INFO [2025-10-30 16:38:20] $fontfamily
INFO [2025-10-30 16:38:20] [1] "sans"
INFO [2025-10-30 16:38:20] 
INFO [2025-10-30 16:38:20] $cat.cex
INFO [2025-10-30 16:38:20] [1] 1.5
INFO [2025-10-30 16:38:20] 
INFO [2025-10-30 16:38:20] $cat.default.pos
INFO [2025-10-30 16:38:20] [1] "outer"
INFO [2025-10-30 16:38:20] 
INFO [2025-10-30 16:38:20] $cat.dist
INFO [2025-10-30 16:38:20] c(0.05, 0.05, 0.05)
INFO [2025-10-30 16:38:20] 
INFO [2025-10-30 16:38:20] $main
INFO [2025-10-30 16:38:20] [1] "Significant Genes"
INFO [2025-10-30 16:38:20] 
INFO [2025-10-30 16:38:20] $main.cex
INFO [2025-10-30 16:38:20] [1] 2
INFO [2025-10-30 16:38:20] 
