INFO [2025-10-30 16:39:01] $x
INFO [2025-10-30 16:39:01] list(IVW = ivw_genes, Egger = egger_genes, WeightedMedian = wm_genes)
INFO [2025-10-30 16:39:01] 
INFO [2025-10-30 16:39:01] $filename
INFO [2025-10-30 16:39:01] NULL
INFO [2025-10-30 16:39:01] 
INFO [2025-10-30 16:39:01] $col
INFO [2025-10-30 16:39:01] [1] "black"
INFO [2025-10-30 16:39:01] 
INFO [2025-10-30 16:39:01] $fill
INFO [2025-10-30 16:39:01] c("#4A90E2", "#E27D60", "#85C88A")
INFO [2025-10-30 16:39:01] 
INFO [2025-10-30 16:39:01] $alpha
INFO [2025-10-30 16:39:01] [1] 0.5
INFO [2025-10-30 16:39:01] 
INFO [2025-10-30 16:39:01] $cex
INFO [2025-10-30 16:39:01] [1] 1.5
INFO [2025-10-30 16:39:01] 
INFO [2025-10-30 16:39:01] $fontfamily
INFO [2025-10-30 16:39:01] [1] "sans"
INFO [2025-10-30 16:39:01] 
INFO [2025-10-30 16:39:01] $cat.cex
INFO [2025-10-30 16:39:01] [1] 1.5
INFO [2025-10-30 16:39:01] 
INFO [2025-10-30 16:39:01] $cat.default.pos
INFO [2025-10-30 16:39:01] [1] "outer"
INFO [2025-10-30 16:39:01] 
INFO [2025-10-30 16:39:01] $cat.dist
INFO [2025-10-30 16:39:01] c(0.05, 0.05, 0.05)
INFO [2025-10-30 16:39:01] 
INFO [2025-10-30 16:39:01] $main
INFO [2025-10-30 16:39:01] [1] "Significant Genes"
INFO [2025-10-30 16:39:01] 
INFO [2025-10-30 16:39:01] $main.cex
INFO [2025-10-30 16:39:01] [1] 2
INFO [2025-10-30 16:39:01] 
